<?xml version="1.0" encoding="UTF-8"?>
<testng-results skipped="0" failed="0" ignored="3" total="4" passed="1">
  <reporter-output>
  </reporter-output>
  <suite name="Default Suite" duration-ms="3598" started-at="2022-12-27T16:01:57 PST" finished-at="2022-12-27T16:02:00 PST">
    <groups>
    </groups>
    <test name="Capstone_Project" duration-ms="3598" started-at="2022-12-27T16:01:57 PST" finished-at="2022-12-27T16:02:00 PST">
      <class name="tests.ElementsTests">
        <test-method status="PASS" signature="beforeTest()[pri:0, instance:tests.ElementsTests@3dd1dc90]" name="beforeTest" is-config="true" duration-ms="1002" started-at="2022-12-27T16:01:57 PST" finished-at="2022-12-27T16:01:58 PST">
          <reporter-output>
          </reporter-output>
        </test-method> <!-- beforeTest -->
        <test-method status="PASS" signature="checkElementsProductPage()[pri:0, instance:tests.ElementsTests@3dd1dc90]" name="checkElementsProductPage" duration-ms="1288" started-at="2022-12-27T16:01:58 PST" description="Test to verify that each product page has the elements &#039;Add to cart button&#039;, &#039;Product Description&#039;, &#039;Price&#039;, &#039;Name of Product&#039; and &#039;Image of Product&#039;" finished-at="2022-12-27T16:01:59 PST">
          <reporter-output>
          </reporter-output>
        </test-method> <!-- checkElementsProductPage -->
        <test-method status="PASS" signature="afterTest()[pri:0, instance:tests.ElementsTests@3dd1dc90]" name="afterTest" is-config="true" duration-ms="1280" started-at="2022-12-27T16:01:59 PST" finished-at="2022-12-27T16:02:00 PST">
          <reporter-output>
          </reporter-output>
        </test-method> <!-- afterTest -->
      </class> <!-- tests.ElementsTests -->
    </test> <!-- Capstone_Project -->
  </suite> <!-- Default Suite -->
</testng-results>
