<?xml version="1.0" encoding="UTF-8"?>
<testng-results skipped="0" failed="0" ignored="3" total="4" passed="1">
  <reporter-output>
  </reporter-output>
  <suite name="Default Suite" duration-ms="4735" started-at="2022-12-27T16:00:04 PST" finished-at="2022-12-27T16:00:09 PST">
    <groups>
    </groups>
    <test name="Capstone_Project" duration-ms="4735" started-at="2022-12-27T16:00:04 PST" finished-at="2022-12-27T16:00:09 PST">
      <class name="tests.ElementsTests">
        <test-method status="PASS" signature="beforeTest()[pri:0, instance:tests.ElementsTests@3dd1dc90]" name="beforeTest" is-config="true" duration-ms="1001" started-at="2022-12-27T16:00:04 PST" finished-at="2022-12-27T16:00:05 PST">
          <reporter-output>
          </reporter-output>
        </test-method> <!-- beforeTest -->
        <test-method status="PASS" signature="checkElementsInCart()[pri:0, instance:tests.ElementsTests@3dd1dc90]" name="checkElementsInCart" duration-ms="2484" started-at="2022-12-27T16:00:05 PST" description="Test to verify that each of all the items are displayed in the cart" finished-at="2022-12-27T16:00:07 PST">
          <reporter-output>
          </reporter-output>
        </test-method> <!-- checkElementsInCart -->
        <test-method status="PASS" signature="afterTest()[pri:0, instance:tests.ElementsTests@3dd1dc90]" name="afterTest" is-config="true" duration-ms="1223" started-at="2022-12-27T16:00:07 PST" finished-at="2022-12-27T16:00:09 PST">
          <reporter-output>
          </reporter-output>
        </test-method> <!-- afterTest -->
      </class> <!-- tests.ElementsTests -->
    </test> <!-- Capstone_Project -->
  </suite> <!-- Default Suite -->
</testng-results>
